<?xml version="1.0" encoding="UTF-8"?>
<!-- Generated by org.testng.reporters.JUnitReportReporter -->
<testsuite skipped="0" hostname="DESKTOP-NA2E8HP" name="testng.NewTest" tests="1" failures="0" timestamp="03 Jun 2020 19:31:28 GMT" time="0.026" errors="0">
  <testcase name="verifytitle" time="0.026" classname="testng.NewTest"/>
</testsuite> <!-- testng.NewTest -->
