<?xml version="1.0" encoding="UTF-8"?>
<!-- Generated by org.testng.reporters.JUnitReportReporter -->
<testsuite skipped="0" hostname="DESKTOP-NA2E8HP" name="testng.Annotations" tests="3" failures="0" timestamp="4 Jul 2020 05:33:37 GMT" time="1.202" errors="0">
  <testcase name="verifytitle" time="0.008" classname="testng.Annotations"/>
  <testcase name="verifyurl" time="0.010" classname="testng.Annotations"/>
  <testcase name="signon" time="1.184" classname="testng.Annotations"/>
</testsuite> <!-- testng.Annotations -->
