<?xml version="1.0" encoding="UTF-8"?>
<!-- Generated by org.testng.reporters.JUnitReportReporter -->
<testsuite skipped="0" hostname="DESKTOP-NA2E8HP" name="testng.ParallelTests" tests="3" failures="0" timestamp="05 Jun 2020 03:31:32 GMT" time="44.300" errors="0">
  <testcase name="signon" time="13.662" classname="testng.ParallelTests"/>
  <testcase name="verifyurl" time="15.645" classname="testng.ParallelTests"/>
  <testcase name="verifytitle" time="14.993" classname="testng.ParallelTests"/>
</testsuite> <!-- testng.ParallelTests -->
