<?xml version="1.0" encoding="UTF-8"?>
<!-- Generated by org.testng.reporters.JUnitReportReporter -->
<testsuite skipped="0" hostname="DESKTOP-NA2E8HP" name="testng.Basic" tests="1" failures="0" timestamp="5 Jul 2020 20:51:42 GMT" time="0.020" errors="0">
  <testcase name="verifytitle" time="0.020" classname="testng.Basic"/>
</testsuite> <!-- testng.Basic -->
