<?xml version="1.0" encoding="UTF-8"?>
<!-- Generated by org.testng.reporters.JUnitReportReporter -->
<testsuite skipped="0" hostname="DESKTOP-NA2E8HP" name="practicetestng.Basic" tests="1" failures="0" timestamp="3 Jul 2020 22:14:11 GMT" time="0.012" errors="0">
  <testcase name="verifytitle" time="0.012" classname="practicetestng.Basic"/>
</testsuite> <!-- practicetestng.Basic -->
