<?xml version="1.0" encoding="UTF-8"?>
<!-- Generated by org.testng.reporters.JUnitReportReporter -->
<testsuite skipped="2" hostname="DESKTOP-NA2E8HP" name="com.stta.SuiteTwo.SuiteTwoCaseOne" tests="2" failures="0" timestamp="17 Jul 2020 02:44:06 GMT" time="0.000" errors="0">
  <testcase name="SuiteTwoCaseOneTest" time="0.000" classname="com.stta.SuiteTwo.SuiteTwoCaseOne">
    <skipped/>
  </testcase> <!-- SuiteTwoCaseOneTest -->
  <testcase name="SuiteTwoCaseOneTest" time="0.000" classname="com.stta.SuiteTwo.SuiteTwoCaseOne">
    <skipped/>
  </testcase> <!-- SuiteTwoCaseOneTest -->
</testsuite> <!-- com.stta.SuiteTwo.SuiteTwoCaseOne -->
