<?xml version="1.0" encoding="UTF-8"?>
<!-- Generated by org.testng.reporters.JUnitReportReporter -->
<testsuite skipped="1" hostname="DESKTOP-NA2E8HP" name="com.stta.SuiteTwo.SuiteTwoCaseTwo" tests="1" failures="0" timestamp="17 Jul 2020 02:44:06 GMT" time="0.000" errors="0">
  <testcase name="SuiteTwoCaseTwoTest" time="0.000" classname="com.stta.SuiteTwo.SuiteTwoCaseTwo">
    <skipped/>
  </testcase> <!-- SuiteTwoCaseTwoTest -->
</testsuite> <!-- com.stta.SuiteTwo.SuiteTwoCaseTwo -->
